<?xml version="1.0" encoding="UTF-8"?>
<!-- Generated by org.testng.reporters.JUnitReportReporter -->
<testsuite hostname="Home" name="sample.Maven_Program1" tests="1" failures="0" timestamp="6 Oct 2015 02:52:43 GMT" time="4.021" errors="0">
  <testcase name="f" time="4.021" classname="sample.Maven_Program1"/>
</testsuite> <!-- sample.Maven_Program1 -->
