<?xml version="1.0" encoding="UTF-8"?>
<!-- Generated by org.testng.reporters.JUnitReportReporter -->
<testsuite hostname="Home" name="sample.Maven_Program" tests="1" failures="0" timestamp="6 Oct 2015 02:52:43 GMT" time="9.394" errors="0">
  <testcase name="f" time="9.394" classname="sample.Maven_Program"/>
</testsuite> <!-- sample.Maven_Program -->
